\BOOKMARK [0][-]{chapter*.1}{Abstract}{}% 1
\BOOKMARK [0][-]{chapter*.2}{Acknowledgements}{}% 2
\BOOKMARK [0][-]{chapter*.3}{Table of Contents}{}% 3
\BOOKMARK [0][-]{chapter*.3}{List of Tables}{}% 4
\BOOKMARK [0][-]{chapter*.4}{List of Figures}{}% 5
\BOOKMARK [0][-]{chapter*.6}{Abbreviations}{}% 6
\BOOKMARK [0][-]{chapter.1}{Introduction}{}% 7
\BOOKMARK [1][-]{section.1.1}{Guide}{chapter.1}% 8
\BOOKMARK [1][-]{section.1.2}{Development and Task goals}{chapter.1}% 9
\BOOKMARK [1][-]{section.1.3}{Why choose this project?}{chapter.1}% 10
\BOOKMARK [1][-]{section.1.4}{Problem Statement}{chapter.1}% 11
\BOOKMARK [1][-]{section.1.5}{Aims and Objectives}{chapter.1}% 12
\BOOKMARK [1][-]{section.1.6}{Benfits of this Project}{chapter.1}% 13
\BOOKMARK [0][-]{chapter.2}{Literature Review}{}% 14
\BOOKMARK [1][-]{section.2.1}{Abstract}{chapter.2}% 15
\BOOKMARK [1][-]{section.2.2}{Introduction}{chapter.2}% 16
\BOOKMARK [1][-]{section.2.3}{What is an Android application?}{chapter.2}% 17
\BOOKMARK [1][-]{section.2.4}{Why develop and Android application?}{chapter.2}% 18
\BOOKMARK [1][-]{section.2.5}{What makes a good Android application?}{chapter.2}% 19
\BOOKMARK [1][-]{section.2.6}{Android Application for medical management purposes}{chapter.2}% 20
\BOOKMARK [1][-]{section.2.7}{Securing user sensitive data in an Android application}{chapter.2}% 21
\BOOKMARK [1][-]{section.2.8}{Conclusion}{chapter.2}% 22
\BOOKMARK [0][-]{chapter.3}{System Analysis}{}% 23
\BOOKMARK [1][-]{section.3.1}{Functional Requirements}{chapter.3}% 24
\BOOKMARK [2][-]{subsection.3.1.1}{Use Case Diagram}{section.3.1}% 25
\BOOKMARK [1][-]{section.3.2}{Data Requirements}{chapter.3}% 26
\BOOKMARK [2][-]{subsection.3.2.1}{Entity Relationship Diagram}{section.3.2}% 27
\BOOKMARK [0][-]{chapter.4}{System Design}{}% 28
\BOOKMARK [1][-]{section.4.1}{User Interface Design}{chapter.4}% 29
\BOOKMARK [2][-]{subsection.4.1.1}{WireFraming}{section.4.1}% 30
\BOOKMARK [1][-]{section.4.2}{Functional Design}{chapter.4}% 31
\BOOKMARK [2][-]{subsection.4.2.1}{Diagrams}{section.4.2}% 32
\BOOKMARK [1][-]{section.4.3}{Data Design}{chapter.4}% 33
\BOOKMARK [2][-]{subsection.4.3.1}{Diagrams}{section.4.3}% 34
\BOOKMARK [0][-]{chapter.5}{Implementation of the system}{}% 35
\BOOKMARK [1][-]{section.5.1}{Implementation steps}{chapter.5}% 36
\BOOKMARK [0][-]{chapter.6}{Testing and evaluation}{}% 37
\BOOKMARK [1][-]{section.6.1}{Functional correctness}{chapter.6}% 38
\BOOKMARK [1][-]{section.6.2}{Usability}{chapter.6}% 39
\BOOKMARK [2][-]{subsection.6.2.1}{Usability requirements}{section.6.2}% 40
\BOOKMARK [0][-]{chapter.7}{Conclusion}{}% 41
\BOOKMARK [1][-]{section.7.1}{Suggestions}{chapter.7}% 42
\BOOKMARK [0][-]{section.7.1}{Bibliography}{}% 43
\BOOKMARK [0][-]{chapter*.8}{Appendices}{}% 44
\BOOKMARK [1][-]{section.0.1}{Project Planning}{chapter*.8}% 45
\BOOKMARK [1][-]{section.0.2}{Project Diary}{chapter*.8}% 46
\BOOKMARK [1][-]{section.0.3}{Program listings}{chapter*.8}% 47
